{"total": {"lines":{"total":478,"covered":459,"skipped":0,"pct":96.02},"statements":{"total":506,"covered":480,"skipped":0,"pct":94.86},"functions":{"total":74,"covered":73,"skipped":0,"pct":98.64},"branches":{"total":280,"covered":240,"skipped":0,"pct":85.71},"branchesTrue":{"total":0,"covered":0,"skipped":0,"pct":100}}
,"/app/src/app.js": {"lines":{"total":53,"covered":53,"skipped":0,"pct":100},"functions":{"total":7,"covered":7,"skipped":0,"pct":100},"statements":{"total":56,"covered":56,"skipped":0,"pct":100},"branches":{"total":23,"covered":19,"skipped":0,"pct":82.6}}
,"/app/src/config.js": {"lines":{"total":18,"covered":17,"skipped":0,"pct":94.44},"functions":{"total":3,"covered":3,"skipped":0,"pct":100},"statements":{"total":18,"covered":17,"skipped":0,"pct":94.44},"branches":{"total":35,"covered":30,"skipped":0,"pct":85.71}}
,"/app/src/db.js": {"lines":{"total":18,"covered":17,"skipped":0,"pct":94.44},"functions":{"total":4,"covered":4,"skipped":0,"pct":100},"statements":{"total":19,"covered":18,"skipped":0,"pct":94.73},"branches":{"total":5,"covered":2,"skipped":0,"pct":40}}
,"/app/src/errors.js": {"lines":{"total":8,"covered":8,"skipped":0,"pct":100},"functions":{"total":3,"covered":3,"skipped":0,"pct":100},"statements":{"total":9,"covered":9,"skipped":0,"pct":100},"branches":{"total":0,"covered":0,"skipped":0,"pct":100}}
,"/app/src/middleware.js": {"lines":{"total":13,"covered":11,"skipped":0,"pct":84.61},"functions":{"total":2,"covered":2,"skipped":0,"pct":100},"statements":{"total":14,"covered":12,"skipped":0,"pct":85.71},"branches":{"total":11,"covered":9,"skipped":0,"pct":81.81}}
,"/app/src/security.js": {"lines":{"total":32,"covered":31,"skipped":0,"pct":96.87},"functions":{"total":5,"covered":5,"skipped":0,"pct":100},"statements":{"total":33,"covered":31,"skipped":0,"pct":93.93},"branches":{"total":18,"covered":16,"skipped":0,"pct":88.88}}
,"/app/src/users.js": {"lines":{"total":14,"covered":13,"skipped":0,"pct":92.85},"functions":{"total":3,"covered":3,"skipped":0,"pct":100},"statements":{"total":14,"covered":13,"skipped":0,"pct":92.85},"branches":{"total":3,"covered":1,"skipped":0,"pct":33.33}}
,"/app/src/validation.js": {"lines":{"total":49,"covered":47,"skipped":0,"pct":95.91},"functions":{"total":12,"covered":12,"skipped":0,"pct":100},"statements":{"total":57,"covered":54,"skipped":0,"pct":94.73},"branches":{"total":64,"covered":59,"skipped":0,"pct":92.18}}
,"/app/src/routes/auth.js": {"lines":{"total":43,"covered":43,"skipped":0,"pct":100},"functions":{"total":5,"covered":5,"skipped":0,"pct":100},"statements":{"total":44,"covered":44,"skipped":0,"pct":100},"branches":{"total":12,"covered":12,"skipped":0,"pct":100}}
,"/app/src/routes/loans.js": {"lines":{"total":105,"covered":100,"skipped":0,"pct":95.23},"functions":{"total":14,"covered":14,"skipped":0,"pct":100},"statements":{"total":110,"covered":103,"skipped":0,"pct":93.63},"branches":{"total":49,"covered":42,"skipped":0,"pct":85.71}}
,"/app/src/routes/reports.js": {"lines":{"total":14,"covered":14,"skipped":0,"pct":100},"functions":{"total":3,"covered":3,"skipped":0,"pct":100},"statements":{"total":15,"covered":15,"skipped":0,"pct":100},"branches":{"total":4,"covered":2,"skipped":0,"pct":50}}
,"/app/src/routes/resources.js": {"lines":{"total":80,"covered":78,"skipped":0,"pct":97.5},"functions":{"total":8,"covered":8,"skipped":0,"pct":100},"statements":{"total":83,"covered":81,"skipped":0,"pct":97.59},"branches":{"total":46,"covered":42,"skipped":0,"pct":91.3}}
,"/app/src/routes/users.js": {"lines":{"total":31,"covered":27,"skipped":0,"pct":87.09},"functions":{"total":5,"covered":4,"skipped":0,"pct":80},"statements":{"total":34,"covered":27,"skipped":0,"pct":79.41},"branches":{"total":10,"covered":6,"skipped":0,"pct":60}}
}
