TN:
SF:src/app.js
FN:15,corsOriginOption
FN:19,(anonymous_1)
FN:20,(anonymous_2)
FN:28,createApp
FN:58,(anonymous_4)
FN:68,(anonymous_5)
FN:83,(anonymous_6)
FNF:7
FNH:7
FNDA:26,corsOriginOption
FNDA:2,(anonymous_1)
FNDA:128,(anonymous_2)
FNDA:23,createApp
FNDA:123,(anonymous_4)
FNDA:1,(anonymous_5)
FNDA:2,(anonymous_6)
DA:1,4
DA:2,4
DA:3,4
DA:4,4
DA:5,4
DA:6,4
DA:7,4
DA:8,4
DA:9,4
DA:10,4
DA:11,4
DA:12,4
DA:13,4
DA:16,26
DA:17,26
DA:19,2
DA:20,26
DA:21,128
DA:22,127
DA:23,2
DA:24,1
DA:29,23
DA:30,23
DA:31,23
DA:32,23
DA:33,23
DA:34,23
DA:36,23
DA:37,23
DA:38,23
DA:39,23
DA:41,23
DA:58,23
DA:59,123
DA:63,123
DA:65,23
DA:66,23
DA:68,23
DA:69,1
DA:72,23
DA:73,23
DA:74,23
DA:75,23
DA:76,23
DA:78,23
DA:83,23
DA:84,2
DA:85,1
DA:87,1
DA:90,23
DA:91,23
DA:92,23
DA:95,4
LF:53
LH:53
BRDA:16,0,0,26
BRDA:16,0,1,0
BRDA:17,1,0,25
BRDA:17,1,1,1
BRDA:17,2,0,26
BRDA:17,2,1,25
BRDA:21,3,0,1
BRDA:21,3,1,127
BRDA:22,4,0,125
BRDA:22,4,1,2
BRDA:22,5,0,127
BRDA:22,5,1,3
BRDA:23,6,0,1
BRDA:23,6,1,1
BRDA:28,7,0,0
BRDA:30,8,0,23
BRDA:30,8,1,0
BRDA:80,9,0,0
BRDA:80,9,1,23
BRDA:84,10,0,1
BRDA:84,10,1,1
BRDA:84,11,0,2
BRDA:84,11,1,2
BRF:23
BRH:19
end_of_record
TN:
SF:src/config.js
FN:6,getJwtSecret
FN:20,integerSetting
FN:28,getConfig
FNF:3
FNH:3
FNDA:27,getJwtSecret
FNDA:75,integerSetting
FNDA:25,getConfig
DA:1,4
DA:2,4
DA:4,4
DA:7,27
DA:8,27
DA:9,26
DA:10,1
DA:12,25
DA:14,1
DA:15,1
DA:17,0
DA:21,75
DA:22,75
DA:23,2
DA:25,73
DA:29,25
DA:33,24
DA:57,4
LF:18
LH:17
BRDA:7,0,0,27
BRDA:7,0,1,3
BRDA:8,1,0,26
BRDA:8,1,1,1
BRDA:9,2,0,1
BRDA:9,2,1,25
BRDA:9,3,0,26
BRDA:9,3,1,2
BRDA:14,4,0,1
BRDA:14,4,1,0
BRDA:20,5,0,0
BRDA:22,6,0,2
BRDA:22,6,1,73
BRDA:22,7,0,75
BRDA:22,7,1,75
BRDA:22,7,2,74
BRDA:28,8,0,0
BRDA:29,9,0,25
BRDA:29,9,1,0
BRDA:29,9,2,0
BRDA:36,10,0,24
BRDA:36,10,1,23
BRDA:36,10,2,23
BRDA:40,11,0,24
BRDA:40,11,1,1
BRDA:40,11,2,1
BRDA:42,12,0,24
BRDA:42,12,1,1
BRDA:42,12,2,1
BRDA:47,13,0,24
BRDA:47,13,1,1
BRDA:47,13,2,1
BRDA:53,14,0,24
BRDA:53,14,1,1
BRDA:53,14,2,1
BRF:35
BRH:30
end_of_record
TN:
SF:src/db.js
FN:5,ensureDatabaseDirectory
FN:10,initializeSchema
FN:71,createDatabase
FN:78,transaction
FNF:4
FNH:4
FNDA:24,ensureDatabaseDirectory
FNDA:24,initializeSchema
FNDA:24,createDatabase
FNDA:31,transaction
DA:1,4
DA:2,4
DA:3,4
DA:6,24
DA:7,0
DA:11,24
DA:72,24
DA:73,24
DA:74,24
DA:75,24
DA:79,31
DA:80,31
DA:81,31
DA:82,28
DA:83,28
DA:85,3
DA:86,3
DA:90,4
LF:18
LH:17
BRDA:6,0,0,24
BRDA:6,0,1,0
BRDA:6,1,0,24
BRDA:6,1,1,0
BRDA:71,2,0,0
BRF:5
BRH:2
end_of_record
TN:
SF:src/errors.js
FN:2,(anonymous_0)
FN:11,(anonymous_1)
FN:11,(anonymous_2)
FNF:3
FNH:3
FNDA:50,(anonymous_0)
FNDA:46,(anonymous_1)
FNDA:49,(anonymous_2)
DA:3,50
DA:4,50
DA:5,50
DA:6,50
DA:7,50
DA:11,46
DA:12,49
DA:15,4
LF:8
LH:8
BRF:0
BRH:0
end_of_record
TN:
SF:src/middleware.js
FN:3,notFound
FN:7,errorHandler
FNF:2
FNH:2
FNDA:1,notFound
FNDA:41,errorHandler
DA:1,4
DA:4,1
DA:8,41
DA:10,41
DA:11,1
DA:12,40
DA:13,0
DA:14,40
DA:15,0
DA:18,41
DA:24,41
DA:25,41
DA:28,4
LF:13
LH:11
BRDA:10,0,0,1
BRDA:10,0,1,40
BRDA:10,1,0,41
BRDA:10,1,1,1
BRDA:10,1,2,1
BRDA:12,2,0,0
BRDA:12,2,1,40
BRDA:14,3,0,0
BRDA:14,3,1,40
BRDA:24,4,0,2
BRDA:24,4,1,39
BRF:11
BRH:9
end_of_record
TN:
SF:src/security.js
FN:8,signAccessToken
FN:22,createAuthentication
FN:23,authenticate
FN:63,authorize
FN:64,(anonymous_4)
FNF:5
FNH:5
FNDA:41,signAccessToken
FNDA:23,createAuthentication
FNDA:70,authenticate
FNDA:230,authorize
FNDA:33,(anonymous_4)
DA:1,4
DA:2,4
DA:4,4
DA:5,4
DA:6,4
DA:9,41
DA:24,70
DA:25,70
DA:26,2
DA:29,68
DA:30,68
DA:31,0
DA:34,68
DA:35,68
DA:40,65
DA:43,65
DA:44,1
DA:46,64
DA:47,1
DA:49,63
DA:50,1
DA:53,1
DA:55,63
DA:56,63
DA:58,3
DA:59,3
DA:64,230
DA:65,33
DA:66,3
DA:68,30
DA:72,23
DA:75,4
LF:32
LH:31
BRDA:25,0,0,2
BRDA:25,0,1,68
BRDA:30,1,0,0
BRDA:30,1,1,68
BRDA:43,2,0,1
BRDA:43,2,1,64
BRDA:46,3,0,1
BRDA:46,3,1,63
BRDA:46,4,0,64
BRDA:46,4,1,2
BRDA:49,5,0,1
BRDA:49,5,1,62
BRDA:58,6,0,0
BRDA:58,6,1,3
BRDA:65,7,0,3
BRDA:65,7,1,30
BRDA:65,8,0,33
BRDA:65,8,1,33
BRF:18
BRH:16
end_of_record
TN:
SF:src/users.js
FN:4,now
FN:8,publicUser
FN:21,createUser
FNF:3
FNH:3
FNDA:195,now
FNDA:47,publicUser
FNDA:3,createUser
DA:1,4
DA:2,4
DA:5,195
DA:9,47
DA:22,3
DA:23,3
DA:24,3
DA:25,3
DA:31,2
DA:32,2
DA:34,1
DA:35,1
DA:37,0
DA:41,4
LF:14
LH:13
BRDA:21,0,0,0
BRDA:34,1,0,1
BRDA:34,1,1,0
BRF:3
BRH:1
end_of_record
TN:
SF:src/validation.js
FN:6,validationError
FN:10,requiredString
FN:20,optionalString
FN:25,email
FN:31,password
FN:41,positiveInteger
FN:51,id
FN:55,role
FN:62,status
FN:68,condition
FN:75,date
FN:90,boolean
FNF:12
FNH:12
FNDA:11,validationError
FNDA:131,requiredString
FNDA:10,optionalString
FNDA:50,email
FNDA:5,password
FNDA:66,positiveInteger
FNDA:49,id
FNDA:4,role
FNDA:3,status
FNDA:5,condition
FNDA:8,date
FNDA:5,boolean
DA:1,4
DA:3,4
DA:4,4
DA:7,11
DA:11,131
DA:12,131
DA:13,131
DA:14,131
DA:15,2
DA:17,129
DA:21,10
DA:22,3
DA:26,50
DA:27,50
DA:28,49
DA:32,5
DA:33,4
DA:34,1
DA:38,3
DA:42,66
DA:43,66
DA:44,66
DA:45,66
DA:46,2
DA:48,64
DA:52,49
DA:56,4
DA:57,1
DA:59,3
DA:63,3
DA:64,3
DA:65,2
DA:69,5
DA:70,1
DA:72,4
DA:76,8
DA:77,1
DA:78,0
DA:80,7
DA:81,0
DA:83,7
DA:84,7
DA:85,1
DA:87,6
DA:91,5
DA:92,4
DA:93,2
DA:94,1
DA:97,4
LF:49
LH:47
BRDA:10,0,0,0
BRDA:11,1,0,0
BRDA:11,2,0,1
BRDA:12,3,0,0
BRDA:12,3,1,131
BRDA:14,4,0,2
BRDA:14,4,1,129
BRDA:14,5,0,131
BRDA:14,5,1,129
BRDA:20,6,0,2
BRDA:21,7,0,7
BRDA:21,7,1,3
BRDA:21,8,0,10
BRDA:21,8,1,5
BRDA:27,9,0,1
BRDA:27,9,1,49
BRDA:33,10,0,1
BRDA:33,10,1,3
BRDA:33,11,0,4
BRDA:33,11,1,4
BRDA:33,11,2,3
BRDA:41,12,0,62
BRDA:42,13,0,62
BRDA:43,14,0,37
BRDA:43,14,1,29
BRDA:43,15,0,66
BRDA:43,15,1,37
BRDA:44,16,0,4
BRDA:44,16,1,62
BRDA:45,17,0,2
BRDA:45,17,1,64
BRDA:45,18,0,66
BRDA:45,18,1,65
BRDA:51,19,0,35
BRDA:56,20,0,1
BRDA:56,20,1,3
BRDA:64,21,0,1
BRDA:64,21,1,2
BRDA:69,22,0,1
BRDA:69,22,1,4
BRDA:75,23,0,7
BRDA:76,24,0,1
BRDA:76,24,1,7
BRDA:76,25,0,8
BRDA:76,25,1,8
BRDA:76,25,2,8
BRDA:77,26,0,1
BRDA:77,26,1,0
BRDA:80,27,0,0
BRDA:80,27,1,7
BRDA:80,28,0,7
BRDA:80,28,1,7
BRDA:84,29,0,1
BRDA:84,29,1,6
BRDA:84,30,0,7
BRDA:84,30,1,7
BRDA:91,31,0,1
BRDA:91,31,1,4
BRDA:91,32,0,5
BRDA:91,32,1,5
BRDA:92,33,0,2
BRDA:92,33,1,2
BRDA:93,34,0,1
BRDA:93,34,1,1
BRF:64
BRH:59
end_of_record
TN:
SF:src/routes/auth.js
FN:8,authRoutes
FN:17,(anonymous_1)
FN:25,(anonymous_2)
FN:37,(anonymous_3)
FN:87,(anonymous_4)
FNF:5
FNH:5
FNDA:23,authRoutes
FNDA:6,(anonymous_1)
FNDA:4,(anonymous_2)
FNDA:45,(anonymous_3)
FNDA:2,(anonymous_4)
DA:1,4
DA:2,4
DA:3,4
DA:4,4
DA:5,4
DA:6,4
DA:16,23
DA:17,23
DA:23,23
DA:26,4
DA:27,4
DA:28,4
DA:29,3
DA:30,2
DA:31,2
DA:35,23
DA:38,45
DA:39,45
DA:43,45
DA:45,45
DA:46,1
DA:47,1
DA:49,44
DA:52,1
DA:53,1
DA:55,43
DA:56,1
DA:59,1
DA:62,43
DA:63,43
DA:64,4
DA:66,4
DA:69,4
DA:73,4
DA:76,39
DA:79,39
DA:80,39
DA:81,39
DA:87,23
DA:88,2
DA:89,2
DA:92,23
DA:95,4
LF:43
LH:43
BRDA:45,0,0,1
BRDA:45,0,1,44
BRDA:49,1,0,1
BRDA:49,1,1,43
BRDA:49,2,0,44
BRDA:49,2,1,2
BRDA:55,3,0,1
BRDA:55,3,1,42
BRDA:63,4,0,4
BRDA:63,4,1,39
BRDA:66,5,0,1
BRDA:66,5,1,3
BRF:12
BRH:12
end_of_record
TN:
SF:src/routes/loans.js
FN:21,loanDto
FN:47,getLoan
FN:51,ensureVisibleLoan
FN:57,loanRoutes
FN:61,(anonymous_4)
FN:86,(anonymous_5)
FN:93,(anonymous_6)
FN:110,(anonymous_7)
FN:127,(anonymous_8)
FN:135,(anonymous_9)
FN:161,(anonymous_10)
FN:178,(anonymous_11)
FN:193,(anonymous_12)
FN:195,(anonymous_13)
FNF:14
FNH:14
FNDA:22,loanDto
FNDA:24,getLoan
FNDA:5,ensureVisibleLoan
FNDA:23,loanRoutes
FNDA:3,(anonymous_4)
FNDA:2,(anonymous_5)
FNDA:12,(anonymous_6)
FNDA:3,(anonymous_7)
FNDA:5,(anonymous_8)
FNDA:4,(anonymous_9)
FNDA:2,(anonymous_10)
FNDA:3,(anonymous_11)
FNDA:2,(anonymous_12)
FNDA:2,(anonymous_13)
DA:1,4
DA:2,4
DA:3,4
DA:4,4
DA:5,4
DA:7,4
DA:22,22
DA:48,24
DA:52,5
DA:53,2
DA:58,23
DA:59,23
DA:61,23
DA:62,3
DA:63,3
DA:64,3
DA:65,1
DA:66,1
DA:67,2
DA:68,1
DA:69,1
DA:71,3
DA:72,1
DA:73,1
DA:75,3
DA:76,1
DA:77,1
DA:79,3
DA:80,3
DA:83,3
DA:86,23
DA:87,2
DA:88,2
DA:89,2
DA:90,0
DA:93,23
DA:94,12
DA:95,12
DA:96,12
DA:97,12
DA:98,12
DA:99,12
DA:100,1
DA:102,11
DA:103,11
DA:107,11
DA:110,23
DA:111,3
DA:112,3
DA:113,3
DA:114,3
DA:115,1
DA:117,2
DA:118,0
DA:120,2
DA:124,2
DA:127,23
DA:128,5
DA:129,5
DA:130,5
DA:131,5
DA:132,1
DA:135,4
DA:136,4
DA:137,4
DA:138,4
DA:139,0
DA:141,4
DA:146,4
DA:147,1
DA:149,3
DA:150,3
DA:158,3
DA:161,23
DA:162,2
DA:163,2
DA:164,2
DA:165,2
DA:166,1
DA:167,0
DA:169,1
DA:170,1
DA:175,1
DA:178,23
DA:179,3
DA:180,3
DA:181,3
DA:185,3
DA:186,2
DA:187,2
DA:188,1
DA:190,1
DA:193,23
DA:194,2
DA:195,2
DA:196,2
DA:197,2
DA:198,1
DA:199,0
DA:201,1
DA:202,1
DA:207,1
DA:211,1
DA:214,23
DA:217,4
LF:105
LH:100
BRDA:41,0,0,6
BRDA:41,0,1,16
BRDA:52,1,0,2
BRDA:52,1,1,3
BRDA:52,2,0,5
BRDA:52,2,1,4
BRDA:52,2,2,4
BRDA:64,3,0,1
BRDA:64,3,1,2
BRDA:67,4,0,1
BRDA:67,4,1,1
BRDA:71,5,0,1
BRDA:71,5,1,2
BRDA:75,6,0,1
BRDA:75,6,1,2
BRDA:79,7,0,3
BRDA:79,7,1,0
BRDA:98,8,0,0
BRDA:98,8,1,12
BRDA:99,9,0,1
BRDA:99,9,1,11
BRDA:114,10,0,1
BRDA:114,10,1,2
BRDA:117,11,0,0
BRDA:117,11,1,2
BRDA:117,12,0,2
BRDA:117,12,1,2
BRDA:130,13,0,5
BRDA:130,13,1,4
BRDA:131,14,0,1
BRDA:131,14,1,4
BRDA:137,15,0,0
BRDA:137,15,1,4
BRDA:138,16,0,0
BRDA:138,16,1,4
BRDA:146,17,0,1
BRDA:146,17,1,3
BRDA:165,18,0,1
BRDA:165,18,1,1
BRDA:166,19,0,0
BRDA:166,19,1,1
BRDA:185,20,0,2
BRDA:185,20,1,1
BRDA:187,21,0,1
BRDA:187,21,1,1
BRDA:197,22,0,1
BRDA:197,22,1,1
BRDA:198,23,0,0
BRDA:198,23,1,1
BRF:49
BRH:42
end_of_record
TN:
SF:src/routes/reports.js
FN:3,reportRoutes
FN:7,(anonymous_1)
FN:25,(anonymous_2)
FNF:3
FNH:3
FNDA:23,reportRoutes
FNDA:2,(anonymous_1)
FNDA:12,(anonymous_2)
DA:1,4
DA:4,23
DA:5,23
DA:7,23
DA:8,2
DA:18,2
DA:23,2
DA:25,12
DA:27,2
DA:29,2
DA:35,2
DA:43,2
DA:62,23
DA:65,4
LF:14
LH:14
BRDA:55,0,0,2
BRDA:55,0,1,0
BRDA:56,1,0,2
BRDA:56,1,1,0
BRF:4
BRH:2
end_of_record
TN:
SF:src/routes/resources.js
FN:6,resourceDto
FN:23,resourceRoutes
FN:27,(anonymous_2)
FN:58,(anonymous_3)
FN:67,(anonymous_4)
FN:109,updateResource
FN:115,(anonymous_6)
FN:183,(anonymous_7)
FNF:8
FNH:8
FNDA:14,resourceDto
FNDA:23,resourceRoutes
FNDA:4,(anonymous_2)
FNDA:4,(anonymous_3)
FNDA:3,(anonymous_4)
FNDA:6,updateResource
FNDA:30,(anonymous_6)
FNDA:3,(anonymous_7)
DA:1,4
DA:2,4
DA:3,4
DA:4,4
DA:7,14
DA:24,23
DA:25,23
DA:27,23
DA:28,4
DA:29,4
DA:31,4
DA:35,4
DA:36,4
DA:37,1
DA:38,1
DA:42,4
DA:43,1
DA:44,1
DA:47,1
DA:48,1
DA:51,4
DA:52,4
DA:55,4
DA:58,23
DA:59,4
DA:60,4
DA:61,4
DA:62,2
DA:64,2
DA:67,23
DA:68,3
DA:71,2
DA:72,2
DA:73,2
DA:74,2
DA:75,2
DA:78,2
DA:80,2
DA:81,2
DA:98,1
DA:99,1
DA:101,0
DA:103,1
DA:106,1
DA:110,6
DA:111,6
DA:112,6
DA:114,5
DA:115,30
DA:117,5
DA:118,1
DA:122,4
DA:126,4
DA:130,4
DA:134,4
DA:138,4
DA:142,4
DA:145,4
DA:146,4
DA:147,1
DA:153,3
DA:154,3
DA:155,3
DA:172,1
DA:173,1
DA:175,0
DA:177,2
DA:180,23
DA:181,23
DA:183,23
DA:184,3
DA:185,3
DA:186,3
DA:187,2
DA:191,2
DA:192,1
DA:198,1
DA:202,1
DA:205,23
DA:208,4
LF:80
LH:78
BRDA:31,0,0,4
BRDA:31,0,1,1
BRDA:31,0,2,1
BRDA:35,1,0,3
BRDA:35,1,1,1
BRDA:36,2,0,1
BRDA:36,2,1,3
BRDA:42,3,0,1
BRDA:42,3,1,3
BRDA:51,4,0,3
BRDA:51,4,1,1
BRDA:61,5,0,2
BRDA:61,5,1,2
BRDA:61,6,0,4
BRDA:61,6,1,3
BRDA:61,6,2,1
BRDA:72,7,0,2
BRDA:72,7,1,1
BRDA:98,8,0,1
BRDA:98,8,1,0
BRDA:112,9,0,1
BRDA:112,9,1,5
BRDA:117,10,0,1
BRDA:117,10,1,4
BRDA:122,11,0,3
BRDA:122,11,1,1
BRDA:126,12,0,4
BRDA:126,12,1,0
BRDA:130,13,0,3
BRDA:130,13,1,1
BRDA:132,14,0,1
BRDA:132,14,1,1
BRDA:134,15,0,4
BRDA:134,15,1,0
BRDA:138,16,0,3
BRDA:138,16,1,1
BRDA:142,17,0,2
BRDA:142,17,1,2
BRDA:146,18,0,1
BRDA:146,18,1,3
BRDA:172,19,0,1
BRDA:172,19,1,0
BRDA:186,20,0,1
BRDA:186,20,1,2
BRDA:191,21,0,1
BRDA:191,21,1,1
BRF:46
BRH:42
end_of_record
TN:
SF:src/routes/users.js
FN:6,userRoutes
FN:10,(anonymous_1)
FN:15,(anonymous_2)
FN:22,(anonymous_3)
FN:34,(anonymous_4)
FNF:5
FNH:4
FNDA:23,userRoutes
FNDA:1,(anonymous_1)
FNDA:0,(anonymous_2)
FNDA:2,(anonymous_3)
FNDA:1,(anonymous_4)
DA:1,4
DA:2,4
DA:3,4
DA:4,4
DA:7,23
DA:8,23
DA:10,23
DA:11,1
DA:12,1
DA:15,23
DA:16,0
DA:17,0
DA:18,0
DA:19,0
DA:22,23
DA:23,2
DA:24,2
DA:25,2
DA:26,2
DA:27,2
DA:28,1
DA:30,1
DA:31,1
DA:34,23
DA:35,1
DA:36,1
DA:37,1
DA:38,1
DA:41,1
DA:47,23
DA:50,4
LF:31
LH:27
BRDA:18,0,0,0
BRDA:18,0,1,0
BRDA:26,1,0,0
BRDA:26,1,1,2
BRDA:27,2,0,1
BRDA:27,2,1,1
BRDA:27,3,0,2
BRDA:27,3,1,1
BRDA:37,4,0,0
BRDA:37,4,1,1
BRF:10
BRH:6
end_of_record
